<?xml version="1.0" encoding="UTF-8"?>
<!-- Generated by org.testng.reporters.JUnitXMLReporter -->
<testsuite ignored="4" hostname="Mariias-MacBook-Pro.local" failures="0" tests="5" name="Regression Test" time="28.781" errors="0" timestamp="2021-01-13T20:40:23 EST">
  <testcase classname="com.hrms.testcases.LoginTest" name="invalidLoginErrorMessageValidation" time="0.632"/>
  <testcase classname="com.hrms.testcases.LoginTest" name="invalidLoginErrorMessageValidation" time="0.642"/>
  <testcase classname="com.hrms.testcases.LoginTest" name="invalidLoginErrorMessageValidation" time="0.308"/>
  <testcase classname="com.hrms.testcases.LoginTest" name="invalidLoginErrorMessageValidation" time="0.302"/>
  <testcase classname="com.hrms.testcases.AddEmployeeTest" name="addEmployee" time="8.617"/>
  <testcase classname="com.hrms.testcases.LoginTest" name="adminLogin" time="0.0">
    <ignored/>
  </testcase> <!-- adminLogin -->
  <testcase classname="com.hrms.utils.CommonMethods" name="test" time="0.0">
    <ignored/>
  </testcase> <!-- test -->
  <testcase classname="com.hrms.utils.CommonMethods" name="test" time="0.0">
    <ignored/>
  </testcase> <!-- test -->
  <testcase classname="com.hrms.utils.CommonMethods" name="test" time="0.0">
    <ignored/>
  </testcase> <!-- test -->
</testsuite> <!-- Regression Test -->
