<?xml version="1.0" encoding="UTF-8"?>
<!-- Generated by org.testng.reporters.JUnitXMLReporter -->
<testsuite ignored="5" hostname="Mariias-MacBook-Pro.local" failures="0" tests="1" name="Smoke Test" time="5.257" errors="0" timestamp="2021-01-13T20:28:14 EST">
  <testcase classname="com.hrms.testcases.LoginTest" name="adminLogin" time="1.603"/>
  <testcase classname="com.hrms.testcases.AddEmployeeTest" name="addEmployee" time="0.0">
    <ignored/>
  </testcase> <!-- addEmployee -->
  <testcase classname="com.hrms.utils.CommonMethods" name="test" time="0.0">
    <ignored/>
  </testcase> <!-- test -->
  <testcase classname="com.hrms.utils.CommonMethods" name="test" time="0.0">
    <ignored/>
  </testcase> <!-- test -->
  <testcase classname="com.hrms.utils.CommonMethods" name="test" time="0.0">
    <ignored/>
  </testcase> <!-- test -->
  <testcase classname="com.hrms.testcases.LoginTest" name="invalidLoginErrorMessageValidation" time="0.0">
    <ignored/>
  </testcase> <!-- invalidLoginErrorMessageValidation -->
</testsuite> <!-- Smoke Test -->
