<?xml version="1.0" encoding="UTF-8"?>
<testng-results ignored="4" total="9" passed="5" failed="0" skipped="0">
  <reporter-output>
  </reporter-output>
  <suite started-at="2021-01-13T20:39:54 EST" name="Regression Suite" finished-at="2021-01-13T20:40:23 EST" duration-ms="28781">
    <groups>
      <group name="regression">
        <method signature="AddEmployeeTest.addEmployee()[pri:0, instance:com.hrms.testcases.AddEmployeeTest@3646a422]" name="addEmployee" class="com.hrms.testcases.AddEmployeeTest"/>
        <method signature="LoginTest.invalidLoginErrorMessageValidation(java.lang.String, java.lang.String, java.lang.String)[pri:0, instance:com.hrms.testcases.LoginTest@5ab956d7]" name="invalidLoginErrorMessageValidation" class="com.hrms.testcases.LoginTest"/>
      </group> <!-- regression -->
    </groups>
    <test started-at="2021-01-13T20:39:54 EST" name="Regression Test" finished-at="2021-01-13T20:40:23 EST" duration-ms="28781">
      <class name="com.hrms.testcases.LoginTest">
        <test-method is-config="true" signature="setUp()[pri:0, instance:com.hrms.testcases.LoginTest@5ab956d7]" started-at="2021-01-13T20:39:54 EST" name="setUp" finished-at="2021-01-13T20:39:57 EST" duration-ms="3172" status="PASS">
          <reporter-output>
          </reporter-output>
        </test-method> <!-- setUp -->
        <test-method signature="invalidLoginErrorMessageValidation(java.lang.String, java.lang.String, java.lang.String)[pri:0, instance:com.hrms.testcases.LoginTest@5ab956d7]" started-at="2021-01-13T20:39:57 EST" name="invalidLoginErrorMessageValidation" data-provider="invalidData" finished-at="2021-01-13T20:39:58 EST" duration-ms="632" status="PASS">
          <params>
            <param index="0">
              <value>
                <![CDATA[James]]>
              </value>
            </param>
            <param index="1">
              <value>
                <![CDATA[123!]]>
              </value>
            </param>
            <param index="2">
              <value>
                <![CDATA[Invalid credentials]]>
              </value>
            </param>
          </params>
          <reporter-output>
          </reporter-output>
        </test-method> <!-- invalidLoginErrorMessageValidation -->
        <test-method is-config="true" signature="tearDown()[pri:0, instance:com.hrms.testcases.LoginTest@5ab956d7]" started-at="2021-01-13T20:39:58 EST" name="tearDown" finished-at="2021-01-13T20:39:59 EST" duration-ms="90" status="PASS">
          <reporter-output>
          </reporter-output>
        </test-method> <!-- tearDown -->
        <test-method is-config="true" signature="setUp()[pri:0, instance:com.hrms.testcases.LoginTest@5ab956d7]" started-at="2021-01-13T20:39:59 EST" name="setUp" finished-at="2021-01-13T20:40:03 EST" duration-ms="4301" status="PASS">
          <reporter-output>
          </reporter-output>
        </test-method> <!-- setUp -->
        <test-method signature="invalidLoginErrorMessageValidation(java.lang.String, java.lang.String, java.lang.String)[pri:0, instance:com.hrms.testcases.LoginTest@5ab956d7]" started-at="2021-01-13T20:40:03 EST" name="invalidLoginErrorMessageValidation" data-provider="invalidData" finished-at="2021-01-13T20:40:03 EST" duration-ms="642" status="PASS">
          <params>
            <param index="0">
              <value>
                <![CDATA[Admin1]]>
              </value>
            </param>
            <param index="1">
              <value>
                <![CDATA[Hum@Syntax123!]]>
              </value>
            </param>
            <param index="2">
              <value>
                <![CDATA[Invalid credentials]]>
              </value>
            </param>
          </params>
          <reporter-output>
          </reporter-output>
        </test-method> <!-- invalidLoginErrorMessageValidation -->
        <test-method is-config="true" signature="tearDown()[pri:0, instance:com.hrms.testcases.LoginTest@5ab956d7]" started-at="2021-01-13T20:40:04 EST" name="tearDown" finished-at="2021-01-13T20:40:04 EST" duration-ms="89" status="PASS">
          <reporter-output>
          </reporter-output>
        </test-method> <!-- tearDown -->
        <test-method is-config="true" signature="setUp()[pri:0, instance:com.hrms.testcases.LoginTest@5ab956d7]" started-at="2021-01-13T20:40:04 EST" name="setUp" finished-at="2021-01-13T20:40:06 EST" duration-ms="2374" status="PASS">
          <reporter-output>
          </reporter-output>
        </test-method> <!-- setUp -->
        <test-method signature="invalidLoginErrorMessageValidation(java.lang.String, java.lang.String, java.lang.String)[pri:0, instance:com.hrms.testcases.LoginTest@5ab956d7]" started-at="2021-01-13T20:40:06 EST" name="invalidLoginErrorMessageValidation" data-provider="invalidData" finished-at="2021-01-13T20:40:07 EST" duration-ms="308" status="PASS">
          <params>
            <param index="0">
              <value>
                <![CDATA[James]]>
              </value>
            </param>
            <param index="1">
              <value>
                <![CDATA[]]>
              </value>
            </param>
            <param index="2">
              <value>
                <![CDATA[Password cannot be empty]]>
              </value>
            </param>
          </params>
          <reporter-output>
          </reporter-output>
        </test-method> <!-- invalidLoginErrorMessageValidation -->
        <test-method is-config="true" signature="tearDown()[pri:0, instance:com.hrms.testcases.LoginTest@5ab956d7]" started-at="2021-01-13T20:40:07 EST" name="tearDown" finished-at="2021-01-13T20:40:07 EST" duration-ms="95" status="PASS">
          <reporter-output>
          </reporter-output>
        </test-method> <!-- tearDown -->
        <test-method is-config="true" signature="setUp()[pri:0, instance:com.hrms.testcases.LoginTest@5ab956d7]" started-at="2021-01-13T20:40:07 EST" name="setUp" finished-at="2021-01-13T20:40:09 EST" duration-ms="2066" status="PASS">
          <reporter-output>
          </reporter-output>
        </test-method> <!-- setUp -->
        <test-method signature="invalidLoginErrorMessageValidation(java.lang.String, java.lang.String, java.lang.String)[pri:0, instance:com.hrms.testcases.LoginTest@5ab956d7]" started-at="2021-01-13T20:40:09 EST" name="invalidLoginErrorMessageValidation" data-provider="invalidData" finished-at="2021-01-13T20:40:10 EST" duration-ms="302" status="PASS">
          <params>
            <param index="0">
              <value>
                <![CDATA[]]>
              </value>
            </param>
            <param index="1">
              <value>
                <![CDATA[Syntax123!]]>
              </value>
            </param>
            <param index="2">
              <value>
                <![CDATA[Username cannot be empty]]>
              </value>
            </param>
          </params>
          <reporter-output>
          </reporter-output>
        </test-method> <!-- invalidLoginErrorMessageValidation -->
        <test-method is-config="true" signature="tearDown()[pri:0, instance:com.hrms.testcases.LoginTest@5ab956d7]" started-at="2021-01-13T20:40:10 EST" name="tearDown" finished-at="2021-01-13T20:40:10 EST" duration-ms="85" status="PASS">
          <reporter-output>
          </reporter-output>
        </test-method> <!-- tearDown -->
      </class> <!-- com.hrms.testcases.LoginTest -->
      <class name="com.hrms.testcases.AddEmployeeTest">
        <test-method is-config="true" signature="setUp()[pri:0, instance:com.hrms.testcases.AddEmployeeTest@3646a422]" started-at="2021-01-13T20:40:10 EST" name="setUp" finished-at="2021-01-13T20:40:14 EST" duration-ms="3261" status="PASS">
          <reporter-output>
          </reporter-output>
        </test-method> <!-- setUp -->
        <test-method signature="addEmployee()[pri:0, instance:com.hrms.testcases.AddEmployeeTest@3646a422]" started-at="2021-01-13T20:40:14 EST" name="addEmployee" finished-at="2021-01-13T20:40:22 EST" duration-ms="8617" status="PASS">
          <reporter-output>
          </reporter-output>
        </test-method> <!-- addEmployee -->
        <test-method is-config="true" signature="tearDown()[pri:0, instance:com.hrms.testcases.AddEmployeeTest@3646a422]" started-at="2021-01-13T20:40:23 EST" name="tearDown" finished-at="2021-01-13T20:40:23 EST" duration-ms="94" status="PASS">
          <reporter-output>
          </reporter-output>
        </test-method> <!-- tearDown -->
      </class> <!-- com.hrms.testcases.AddEmployeeTest -->
    </test> <!-- Regression Test -->
  </suite> <!-- Regression Suite -->
</testng-results>
